[2024-12-09T21:49:24.212Z] LOG: WebSocket is open
[2024-12-09T21:49:31.625Z] LOG: "2024-12-09T21:49:31.625Z" zXbR3zV2UpoeqE2JB6mq8KaboVXC2wFUffgcotJgdmE7APsFfkMMyRfmhNUMGMyzQHCdM74u6NPX2dACiZBLYwQ transaction count: 3
[2024-12-09T21:49:31.642Z] LOG: "2024-12-09T21:49:31.642Z" 2uCYnPUNkZw8Ezhp5NQ8RMahyab28FUGwECheuAeQLQxhUtQJ6TxGvyirTyx4wuKeExTuZtcVvnUJ6SWTwCXkrhM transaction count: 1
[2024-12-09T21:49:32.435Z] LOG: "2024-12-09T21:49:32.435Z" sgrhLnb9E9bjCP2TDvjMc4Gruq19sHavxRCzHx46WgU7nAzxmbgNc5qnkf4tJPm4Mx46W76hz6tHgZvFRtFy9Zn transaction count: 3
[2024-12-09T21:49:32.447Z] LOG: "2024-12-09T21:49:32.447Z" 2LdG1XZT3ZbNAWnLJVMmFNR2zp69WhmaSvq3U8EMbRzQfQMenrdwVS2YdBPURnMDoCfapENjDR6KJG8fwKn8tM1w transaction count: 1
[2024-12-09T21:49:32.664Z] LOG: "2024-12-09T21:49:32.664Z" dYidNct7vcRpUXNd374kNZmVzGyAxQZ5uZws3dHBWM3YA3NwgTUtewxN5afqJM53Zx6EuPBt6qEn1XkcpBY85gM transaction count: 3
[2024-12-09T21:49:32.674Z] LOG: "2024-12-09T21:49:32.674Z" rTPqCh47QFqgQ8MudmAZQsDMxSHTQuBtuLpfkXH3WW7nQpJTMNk9ogSyfof67BzjrwWxohExGosznDnNyAbU2GA transaction count: 1
[2024-12-09T21:49:32.950Z] LOG: 
[2024-12-09T21:49:33.744Z] LOG: 
[2024-12-09T21:49:33.968Z] LOG: 
[2024-12-09T21:49:34.262Z] LOG: "2024-12-09T21:49:34.262Z" 2dae7ABCWQcs97AeL62jkYU8RY6kQtYYLXxsyJANDmUscXEuGzydde9yHvCV5bvNGUKsG8CeB91f2ZVE1iPqQrt5 transaction count: 3
[2024-12-09T21:49:34.271Z] LOG: "2024-12-09T21:49:34.271Z" gv35ygkd14f9SRvA9m7wJecPgsNvQNnaqeHVYUukJ3ccNrphK1Bhe5BeTmfZV1UdqQ3gkgcBx1CF5VgtzcxbKYN transaction count: 1
[2024-12-09T21:49:34.506Z] LOG: "2024-12-09T21:49:34.506Z" 4ZXmiMXFrgLxc9hu4wqKVWb5iacEH83FwDZQbmd8TdGx2gxRvuSEFCRrHmovCRWGnecpcnFGayzhBDU1VWZNmRKW transaction count: 3
[2024-12-09T21:49:34.536Z] LOG: "2024-12-09T21:49:34.536Z" 5mcNiQJAkC6j1re9wENtFTDM1kCGrqXETEirofBxPEdusgdnKy6u86X4ofjugxxDvVtwZETHks2VUxzGYf2Acr7b transaction count: 1
[2024-12-09T21:49:34.679Z] LOG: 
[2024-12-09T21:49:34.934Z] LOG: 
[2024-12-09T21:49:37.022Z] LOG: "2024-12-09T21:49:37.022Z" 3NMfsJt9jqV1jnRTaqma4Fq5urtNVVgSnXfvSs5uugh5E24GmdY7XvraNioAoAHx5c6qRrSqXJPuvjHCkJTLsBaa transaction count: 3
[2024-12-09T21:49:37.030Z] LOG: "2024-12-09T21:49:37.030Z" 34vXoom6vZBnSjsru7yxHNx6At3zX276TjXeUKexUsAuRT7n1XkxruhEAT1VQ1W1vap2n9WWRDYQrpbcB7EYqcPB transaction count: 1
[2024-12-09T21:49:37.308Z] LOG: "2024-12-09T21:49:37.308Z" cghhEa5RGXAGEbSwwkDtz1j3ePVEFUtqWiQp6KVsDfgRganH1irj54boRRK5Gti1w471SnUHXJZCCw6dFHhECVR transaction count: 1
[2024-12-09T21:49:37.317Z] LOG: "2024-12-09T21:49:37.317Z" 2sRNtHFijmcXGcJegZwu2Q5qoCLmzQBjds5w8UwphqbEBqJYVr2QP6yvGYFSWY8Jz5aHJhnvv71DaNSSNXuDzcbz transaction count: 0
[2024-12-09T21:49:37.329Z] LOG: "2024-12-09T21:49:37.329Z" 57fyUk4z5eMJyyNq7E8ziShoqnHmDTgpqpeaXS1AwSgAoQxZAhDLYXCRyuJqrRrio7MCcZh43ACSL543tDQa6gbd transaction count: 1
[2024-12-09T21:49:37.336Z] LOG: "2024-12-09T21:49:37.336Z" zLjT2m9DyW7hsXHBerm13TeNG1DzsxQpRXXR3XqvCCbzC3LDBut5HCABUSgeXNtpFfdx1BXmkxTVQw1tj9vvu1c transaction count: 1
[2024-12-09T21:49:37.368Z] LOG: "2024-12-09T21:49:37.368Z" 4KKuUbuEq3ui9HCXY4rH4H9vQLYzkNQnzHmYCVt8GUELtkbHEpUUhphbqxdAbXzZ4NMYYi7Ev33iqe68r6X4Lxja transaction count: 0
[2024-12-09T21:49:37.432Z] LOG: 
[2024-12-09T21:49:41.774Z] LOG: "2024-12-09T21:49:41.774Z" 3Toup97t1JTQcycDqdpbX7ocu2BByzAYCZbhecDS9saGty8ZX7nrhL2MW5gAqtCebnKbS8pcECQpUJnTCBZUeQFa transaction count: 3
[2024-12-09T21:49:41.786Z] LOG: "2024-12-09T21:49:41.786Z" 42EKQJoEmEfb3LCruZ9nKKpBbJYHZ9ij6RYWNJ119jz2am1R47WfSGm2SNBEXvyokoKxdhk77jisSzkLEKYUHDWx transaction count: 1
[2024-12-09T21:49:41.853Z] LOG: "2024-12-09T21:49:41.853Z" mLhLv4PgMtQAWM1Xq1SAadzUUUocgxPgsHanAope6WLrSY973SnQ4KyJdLVYyhA9LdybWyqgXRfmAWtCvXpVPKD transaction count: 3
[2024-12-09T21:49:41.863Z] LOG: "2024-12-09T21:49:41.863Z" NznGjq1XjX42VpiL8eVXPTY9MqXX7F8fQLmrZpz3xekRcWaFMZ6suN6bbVFGgFLKwur3d4tj99wDbQggr1tCPUq transaction count: 1
[2024-12-09T21:49:42.186Z] LOG: 
[2024-12-09T21:49:43.146Z] LOG: 
[2024-12-09T21:49:47.197Z] LOG: "2024-12-09T21:49:47.197Z" dHigsvhzG5G7VKGsQ72xj9rvvGVSFiKcJBiMS4WheccGQr8NAgDn2dX7vKzeZ3gDud9k9G2HbX58kergnZoQrqA transaction count: 1
[2024-12-09T21:49:47.206Z] LOG: "2024-12-09T21:49:47.206Z" 83FK2NukmwRN8FrYxcgFSZokBdnLKZma8aStCXF3aQZsgf49Dcuf2ra93NRAtVdUZG1ZeM4dwaPsxSd8uEjw9F7 transaction count: 0
[2024-12-09T21:49:47.621Z] LOG: 
[2024-12-09T21:49:54.243Z] LOG: Ping sent
[2024-12-09T21:49:54.401Z] LOG: "2024-12-09T21:49:54.401Z" 4qzDsCj2SfUFcNroPkKYoaNLWEqx5uwpvi35Eb5uxs8UaSVKX9VX2v72VjTumsxNZCZTS5Yrj1hyLvtgG6pnVztY transaction count: 3
[2024-12-09T21:49:54.413Z] LOG: "2024-12-09T21:49:54.413Z" HofSXB2cgRA2L67RqYx7nuVQXMthyV1FfismF3sPGCn27JCjDHrSvwgDxJdPdAJdiKSZLayVUBT7Bea1g2q56dr transaction count: 1
[2024-12-09T21:49:55.704Z] LOG: 
[2024-12-09T21:49:55.755Z] LOG: "2024-12-09T21:49:55.755Z" 4DzsVWqVuBf616ZDGqzP7yTrT5MXYTVRwGfWn7DrA5SB6uEmf1g9ruwmkZGT3n2rwQYBYmxdrB3qCpp5gUgX9dFG transaction count: 3
[2024-12-09T21:49:55.767Z] LOG: "2024-12-09T21:49:55.767Z" 4JNjTjEb9yS9dvttL4GRrMUyzwetpmvRheWsvVFbumDLEwX8XqqHJAJ5WJUMdozp4JxBvQz8yLTrw4TyNAsh34bP transaction count: 1
[2024-12-09T21:49:56.006Z] LOG: "2024-12-09T21:49:56.006Z" xhuFhHZe41bk7c1XWrDD5yW8GAspgF6K6nLjkVG7w11buZUx6csVpKL5mjndTjvmp3FN7WLjyHtpdw337pr6Aza transaction count: 3
[2024-12-09T21:49:56.055Z] LOG: "2024-12-09T21:49:56.055Z" 5NX2DFt59gRNhVsS3eRJPDdauJ7TgRtUsXaQpbmWJyjFSgn2ngKxH5EKUYCD6iAeETV6AscSbDo2Pwj35n2WPosY transaction count: 1
[2024-12-09T21:49:56.173Z] LOG: 
[2024-12-09T21:49:57.352Z] LOG: 
[2024-12-09T21:50:01.873Z] LOG: "2024-12-09T21:50:01.873Z" 38dhtabEy5YKT386kvpdriTfHUGzizTvPm68Wp7RCqNNfmTM1yLD3VXWJpinFPG8mZ6PbVw3eRPxGtmJ4eY5qi72 transaction count: 3
[2024-12-09T21:50:01.888Z] LOG: "2024-12-09T21:50:01.888Z" 2xr7FAn7kPHzHfefc74XY3rXyACX9b3dyCutvavzB19y2tuNfP3w1ki9h7Ltsxhauet2bmgTnEtuE7hwr7sCxAAv transaction count: 1
[2024-12-09T21:50:02.291Z] LOG: "2024-12-09T21:50:02.291Z" 5RbU2DHHQUwcaU5a3SJqD157i4w8Lq8CNP34UR2g4WQwjKHzjciRpqP8XFCacvjr28rv1rr1EdusLtGGaj5nMEkC transaction count: 3
[2024-12-09T21:50:02.304Z] LOG: "2024-12-09T21:50:02.304Z" 52nw4T9iTHCm71soZAqxtwH4n3Aed3pKzvyKo1CKsUqPZZKmXEEvZJRfpPZACP99kpQ8k53stb1rsZrWdyWW7E6q transaction count: 1
[2024-12-09T21:50:02.315Z] LOG: 
[2024-12-09T21:51:11.616Z] LOG: WebSocket is open
[2024-12-09T21:51:14.999Z] LOG: "2024-12-09T21:51:14.999Z" 55HGX4znmM9db9Q5U1JTLTVzHYFKX6EKhpJBPubU3X1ivi4fbSzCdqSDpZYFTAdEtM8cMmoseZgL5f7ThV1y6GGw transaction count: 3
[2024-12-09T21:51:15.018Z] LOG: "2024-12-09T21:51:15.018Z" 3QZvxLZHVSbVALS5iAhSqtnkNqL7SkFBecWpbTShpztWiXUiF6R9RQD2NuH1787VA5Wj15YinmSf2AG4RZMPx32B transaction count: 1
[2024-12-09T21:51:16.002Z] LOG: "2024-12-09T21:51:16.002Z" 2ofPRHKHYvBD2MmVJmQpcjNmqnotvM3qh9h6CHrYJXEq8gBLbDqj89VrEN2TTX7EvVidQbefojUcc5CSZqUUgAvN transaction count: 3
[2024-12-09T21:51:16.018Z] LOG: "2024-12-09T21:51:16.018Z" 3DvCfCSZ21JVJYHGHSSxCcMb17n8tyo1ZiqFBMxsRWoVpUDKWt5qwvjCMknYpYiWr9aKefciCHo8iGWk3Dzp8CDZ transaction count: 1
[2024-12-09T21:51:16.318Z] LOG: 
[2024-12-09T21:51:16.320Z] LOG: a
[2024-12-09T21:51:17.602Z] LOG: "2024-12-09T21:51:17.602Z" 64cDZx8Pyvb1YuaMC1d2xfsBJCLch9B84R9JCj1dZmeYkLLEFPAECktgiWVp4oWeCuB8ecs7TGmTxUGCYx4MvVZo transaction count: 3
[2024-12-09T21:51:17.633Z] LOG: "2024-12-09T21:51:17.633Z" 2fmjjBE9TL4KJXQRzkXqBdPixwrMFU3oeXKoNy99q3nPGeSZZnRsMcdGv8EJt4mv2JYgrNWDmU1W6yzSdcF3tayM transaction count: 1
[2024-12-09T21:51:17.705Z] LOG: "2024-12-09T21:51:17.705Z" 5Cdry7L1UaXUVUKnm2jjNeULcBG59JHTYxfM4mh4e8a4pk352gGEHoGSG9eLVcp8kcNUorugJFGfDqXmpkoMcwk2 transaction count: 3
[2024-12-09T21:51:17.725Z] LOG: "2024-12-09T21:51:17.725Z" oCjDLQkRR8p8yefNb4LG9fY7Qb5RGPF9chq4d6fN78sSsQGimtaRCSLbe85eXbnN9NZ8uimHgiaaNx1cT1JctBJ transaction count: 1
[2024-12-09T21:51:17.743Z] LOG: 
[2024-12-09T21:51:17.744Z] LOG: a
[2024-12-09T21:51:18.046Z] LOG: 
[2024-12-09T21:51:18.049Z] LOG: a
[2024-12-09T21:51:18.953Z] LOG: "2024-12-09T21:51:18.953Z" cTnoqku4na6aHcLegjmX7dp5NCRe33eV2mCuTv5YCRJRaAQ548et6RWu3Ya3MtWJPmCusHzNeaDT54eNqEnQHyJ transaction count: 3
[2024-12-09T21:51:18.963Z] LOG: "2024-12-09T21:51:18.963Z" 5sB11MwLTrD6PsLhGgMpK8mcUdMVFpMh15a6KEJvAbGrdyTiHuLbKaFf3LdjoLcRh3PRf2FL2KWWXdc4ia359SJb transaction count: 1
[2024-12-09T21:51:19.027Z] LOG: "2024-12-09T21:51:19.027Z" 2HvBqPzCMw19qP6h77ibGCgTfDeScaQHk5QpdyCS1VZih2DdLst6s9F32J66egKHZKptQbLrWpo3zJYZqus8fPFW transaction count: 3
[2024-12-09T21:51:19.035Z] LOG: "2024-12-09T21:51:19.035Z" 3xhiGvgRsLpM9GMytsgSxmg8hCzTWeFupWkjXrCeubEDuQ4ocukJ8jcU5n32f7755dsQmHXUin3AXdVrBCk5m7Lg transaction count: 1
[2024-12-09T21:51:19.057Z] LOG: 
[2024-12-09T21:51:19.058Z] LOG: a
[2024-12-09T21:51:19.374Z] LOG: 
[2024-12-09T21:51:19.375Z] LOG: a
[2024-12-09T21:51:19.420Z] LOG: "2024-12-09T21:51:19.420Z" WDJCzRuCykPPTcZfpBjfCUYUhFup9ZHnB5q2jbN7R9GSYobxipKE3roFWoyYwpNuVv9hvv6trYCFjoK6vcoQLhv transaction count: 3
[2024-12-09T21:51:19.433Z] LOG: 
[2024-12-09T21:51:19.433Z] LOG: a
[2024-12-09T21:51:19.450Z] LOG: "2024-12-09T21:51:19.450Z" KYrQXcdZcBDzQFEHgUAfn48NLPJGAhuotNSnJ9UWWihbj8GUaDuUQPoYq2FxyMtJzhoaP1FjRfAWR6qSMioNPjZ transaction count: 1
[2024-12-09T21:51:19.840Z] LOG: 
[2024-12-09T21:51:19.841Z] LOG: a
[2024-12-09T21:51:22.642Z] LOG: "2024-12-09T21:51:22.642Z" 4YyF9cdEE89ebZr812uVgxz2gbURmVsrb75Rbwehwd4Prv92PN1Kv8zNn2G5WuGdRdv2GtH6RsY7cdSuHsjCmJdd transaction count: 3
[2024-12-09T21:51:22.661Z] LOG: "2024-12-09T21:51:22.661Z" 4qGXLdxrKtZrRxQH4C16Djw1VxqYvnsDQsgE6HMMg2spQw9SaDerdUoCAT4WpEzN1Mq14bwa7uUeJntcnVPY2VMw transaction count: 1
[2024-12-09T21:51:23.068Z] LOG: 
[2024-12-09T21:51:23.070Z] LOG: a
[2024-12-09T21:51:25.756Z] LOG: "2024-12-09T21:51:25.756Z" 2FHhn4yLyP6V2mUcWjuB3GcEa1MLH8qhEAA5uwQn3ZfLXHv6WGJeppx4fj8knL7m6Du2dKRnP7DGrsYSKGweP7ku transaction count: 3
[2024-12-09T21:51:25.771Z] LOG: "2024-12-09T21:51:25.771Z" 2qBon9kxTL9vSntSby43n4VPSQkLW1Jda5kF6E8KUJ8WKu2tDoXGraTvwth1Tm8SrByxQqoLSnL2c6iEBDEGfrvU transaction count: 1
[2024-12-09T21:51:25.891Z] LOG: "2024-12-09T21:51:25.891Z" PjzzhNtT7Beu4Y2UnVcahUkdWEQYGiy4kupHLiFLdFTuNEz3tRRR5i4fJDto3ciiSd2HescUucWpPN1Q4pvXXPz transaction count: 3
[2024-12-09T21:51:25.905Z] LOG: "2024-12-09T21:51:25.905Z" 2W2ydYniWcoCSExn9c7kdRAtzxsrqesUMja8VtNY56LGF7KuSTt3NyfHgWx1znEzSN32PcmcFdT7CsnV453DGWr5 transaction count: 1
[2024-12-09T21:51:26.188Z] LOG: 
[2024-12-09T21:51:26.189Z] LOG: a
[2024-12-09T21:51:27.225Z] LOG: 
[2024-12-09T21:51:27.226Z] LOG: a
[2024-12-09T21:51:28.910Z] LOG: "2024-12-09T21:51:28.910Z" 25DNxRSLjzVJHBw3z9dySES22MgUD26yEoqrMkp4ZAmmPsNrAPqHTUQxnK1StuPshFu5xFRLoU2TXZbVHHbDbcu8 transaction count: 3
[2024-12-09T21:51:28.921Z] LOG: "2024-12-09T21:51:28.921Z" SidRMcNQdXTgPhbzLsHgBunEYdWJJLWxKSKjuTP5vo65RDnxPtjK9ras5snD8WtKjgSmVRxWhrzfgvfWHx4RaCP transaction count: 1
[2024-12-09T21:51:29.355Z] LOG: 
[2024-12-09T21:51:29.360Z] LOG: a
[2024-12-09T21:51:29.789Z] LOG: "2024-12-09T21:51:29.789Z" M61kdF5vUjyD3s7en6mwgW4Y1UKt2ATG65PC15ehenvHcLh727652wYijk3oXVeJjfZhyWhBaNRFAPswFun3PkS transaction count: 0
[2024-12-09T21:52:13.121Z] LOG: WebSocket is open
[2024-12-09T21:52:14.926Z] LOG: "2024-12-09T21:52:14.926Z" 4s2QScp2TmTfh55hVHdeHi1PvnPxaK1yrVQnraEK68dqm97pWp6XJV4hdcYS8Lj6H9Dni5YhkdFQeYnNgb6JmC2s transaction count: 3
[2024-12-09T21:52:14.942Z] LOG: "2024-12-09T21:52:14.942Z" 3o7ULevL27mUKUyAbKgePzAcgDwUk9X9DXk4SEJ17HJgL76Y7ZqQTmkBqFcW2LgBdGeekGaRAG7tiNzbUGC37YGQ transaction count: 1
[2024-12-09T21:52:16.420Z] LOG: 
[2024-12-09T21:52:16.422Z] LOG: 
INSERT INTO sol_swap_events_cd (
block_number,
transaction_hash,
wallet_address,
token0_id,
token0_symbol,
token0_amount,
token0_value_in_usd,
token0_total_exchanged_usd,
token1_id,
token1_symbol,
token1_amount,
token1_value_in_usd,
token1_total_exchanged_usd,
sol_usd_price,
created_at
) VALUES ($1, $2, $3, $4, $5, $6, $7, $8, $9, $10, $11, $12, $13, $14, $15),($16, $17, $18, $19, $20, $21, $22, $23, $24, $25, $26, $27, $28, $29, $30),($31, $32, $33, $34, $35, $36, $37, $38, $39, $40, $41, $42, $43, $44, $45),($46, $47, $48, $49, $50, $51, $52, $53, $54, $55, $56, $57, $58, $59, $60)
 ["","4s2QScp2TmTfh55hVHdeHi1PvnPxaK1yrVQnraEK68dqm97pWp6XJV4hdcYS8Lj6H9Dni5YhkdFQeYnNgb6JmC2s","Arb1wtZQbbxEuC1D4WD4Lk2ix6xv9KetB7CHdiuiMc6B","So11111111111111111111111111111111111111112","","2.367448937","516.738522139786275","2.367448937","7ZCm8WBN9aLa3o47SoYctU6iLdj7wkGG5SV2hE5CgtD5","","2093357508.0909","515.6588483255394879","2.369266826","0","2024-12-09T21:52:11.926Z","","4s2QScp2TmTfh55hVHdeHi1PvnPxaK1yrVQnraEK68dqm97pWp6XJV4hdcYS8Lj6H9Dni5YhkdFQeYnNgb6JmC2s","Arb1wtZQbbxEuC1D4WD4Lk2ix6xv9KetB7CHdiuiMc6B","7ZCm8WBN9aLa3o47SoYctU6iLdj7wkGG5SV2hE5CgtD5","","2093357508.0909","515.6588483255394879","2.367448937","Df6yfrKC8kZE3KNkrHERKzAetSxbrWeniQfyJY4Jpump","","1524.248762","514.036128248118","2.369266826","0","2024-12-09T21:52:11.926Z","","4s2QScp2TmTfh55hVHdeHi1PvnPxaK1yrVQnraEK68dqm97pWp6XJV4hdcYS8Lj6H9Dni5YhkdFQeYnNgb6JmC2s","Arb1wtZQbbxEuC1D4WD4Lk2ix6xv9KetB7CHdiuiMc6B","Df6yfrKC8kZE3KNkrHERKzAetSxbrWeniQfyJY4Jpump","","1524.248762","514.036128248118","2.367448937","EPjFWdd5AufqSSqeM2qN1xzybapC8G4wEGGkZwyTDt1v","","517.2329","517.1377291464","2.369266826","0","2024-12-09T21:52:11.926Z","","4s2QScp2TmTfh55hVHdeHi1PvnPxaK1yrVQnraEK68dqm97pWp6XJV4hdcYS8Lj6H9Dni5YhkdFQeYnNgb6JmC2s","Arb1wtZQbbxEuC1D4WD4Lk2ix6xv9KetB7CHdiuiMc6B","EPjFWdd5AufqSSqeM2qN1xzybapC8G4wEGGkZwyTDt1v","","517.2329","517.1377291464","2.367448937","So11111111111111111111111111111111111111112","","2.369266826","517.13530927237995","2.369266826","0","2024-12-09T21:52:11.926Z"]
[2024-12-09T21:54:35.937Z] LOG: WebSocket is open
[2024-12-09T21:54:43.634Z] LOG: "2024-12-09T21:54:43.634Z" 2iwqLxzPstcc9Q5DM1f8dg2yDxZv1NH4JVbnbAoVeJ82WBC3onP1mck65p3p8wXXbXPwC7Var2pumbAG6H4rb2hT transaction count: 3
[2024-12-09T21:54:43.653Z] LOG: "2024-12-09T21:54:43.653Z" 4dQzicQED2TUQZgYKt2Uk233FrEVuQNso3SHqHkvDZwsZoo8KtXsD5TpKBzd8HcTndB1UzdwWvtpp66ynzrrQtDZ transaction count: 1
[2024-12-09T21:54:45.558Z] LOG: 
[2024-12-09T21:54:48.893Z] LOG: "2024-12-09T21:54:48.893Z" 4xXSwXY7ad6VSUKjmbmHrQUoxM8kv7RfBvZR5X9x2aAvWWhzRdkPc9EDybJwm4bzkx7K6fqYkpqAa1immuUs1aZX transaction count: 3
[2024-12-09T21:54:48.906Z] LOG: "2024-12-09T21:54:48.906Z" 345Jj8fSKcx4qdYX7wwQv7MfhAwn5tK8HPhPzPi752zQaiSQcCVFVH1cQjh1ETfNgZo4H6685yuC4FyyAj5tT1nL transaction count: 1
[2024-12-09T21:54:49.103Z] LOG: "2024-12-09T21:54:49.103Z" 55dQEybvG3DadDTbN6EAwqbQ5gEyjFiG8RhmxRKCMpHu2e2rbShR7UuG36fmZkqmQERKNmFgogUgDKxXSPhofmgy transaction count: 1
[2024-12-09T21:54:49.309Z] LOG: 
[2024-12-09T21:54:49.557Z] LOG: "2024-12-09T21:54:49.557Z" 2WHckeEv5SvtKFEZ9q2k98sY3TKw7FYefMgF6CWGizjF5vsrmvk39Kpd4KLTBEzQ1fK2o8kXSbWCQxwWynvtLfrM transaction count: 3
[2024-12-09T21:54:49.583Z] LOG: "2024-12-09T21:54:49.583Z" WS9Scp1Ugp4cM2uwcXBbX4QEr1Q3RN4WV63icS5g4LLvrpdBwE67RhKaF9wXCkQodGZsYVSqNds6EKvQPeBFTLe transaction count: 1
[2024-12-09T21:54:49.991Z] LOG: 
[2024-12-09T21:54:51.063Z] LOG: 
